<?xml version="1.0" encoding="UTF-8"?>
<testsuites name="Mocha Tests" time="0.1410" tests="4" failures="1">
  <testsuite name="Root Suite" timestamp="2022-06-24T20:56:13" tests="0" time="0.0000" failures="0">
  </testsuite>
  <testsuite name="express_recipes_routes" timestamp="2022-06-24T20:56:13" tests="4" file="C:\Users\gonza\Desktop\challenges\find-recipe-step\test\index.spec.js" time="0.1410" failures="1">
    <testcase name="express_recipes_routes Should return 400 for /recipes/step/:id if id is not valid" time="0.0810" classname="Should return 400 for /recipes/step/:id if id is not valid">
      <failure message="expected 500 to deeply equal 400" type="AssertionError"><![CDATA[AssertionError: expected 500 to deeply equal 400
    at C:\Users\gonza\Desktop\challenges\find-recipe-step\test\index.spec.js:15:40
    at processTicksAndRejections (node:internal/process/task_queues:96:5)]]></failure>
    </testcase>
    <testcase name="express_recipes_routes Should respond with 0 if elapsed time is 0" time="0.0250" classname="Should respond with 0 if elapsed time is 0">
    </testcase>
    <testcase name="express_recipes_routes Should respond back with the correct step - 1" time="0.0200" classname="Should respond back with the correct step - 1">
    </testcase>
    <testcase name="express_recipes_routes Should respond back with the correct step - 2" time="0.0150" classname="Should respond back with the correct step - 2">
    </testcase>
  </testsuite>
</testsuites>